C:\USERS\MATTHEW\DESKTOP\TEXTUREMAPPINGBROKEN\TEXTUREMAPPINGBROKEN\TEXTUREMAPPINGSTART\DEBUG\OPENGLCSE386.LIB
C:\USERS\MATTHEW\DESKTOP\TEXTUREMAPPINGBROKEN\TEXTUREMAPPINGBROKEN\TEXTUREMAPPINGSTART\OPENGLCSE386\DEBUG\BITMAP_CLASS.OBJ
C:\USERS\MATTHEW\DESKTOP\TEXTUREMAPPINGBROKEN\TEXTUREMAPPINGBROKEN\TEXTUREMAPPINGSTART\OPENGLCSE386\DEBUG\CAMERA.OBJ
C:\Users\Matthew\Desktop\TextureMappingBroken\TextureMappingBroken\TextureMappingStart\OpenGLCSE386\Debug\cl.command.1.tlog
C:\Users\Matthew\Desktop\TextureMappingBroken\TextureMappingBroken\TextureMappingStart\OpenGLCSE386\Debug\CL.read.1.tlog
C:\Users\Matthew\Desktop\TextureMappingBroken\TextureMappingBroken\TextureMappingStart\OpenGLCSE386\Debug\CL.write.1.tlog
C:\USERS\MATTHEW\DESKTOP\TEXTUREMAPPINGBROKEN\TEXTUREMAPPINGBROKEN\TEXTUREMAPPINGSTART\OPENGLCSE386\DEBUG\COLOREDFIGUREONE.OBJ
C:\USERS\MATTHEW\DESKTOP\TEXTUREMAPPINGBROKEN\TEXTUREMAPPINGBROKEN\TEXTUREMAPPINGSTART\OPENGLCSE386\DEBUG\COLOREDPYRAMID.OBJ
C:\USERS\MATTHEW\DESKTOP\TEXTUREMAPPINGBROKEN\TEXTUREMAPPINGBROKEN\TEXTUREMAPPINGSTART\OPENGLCSE386\DEBUG\CONE.OBJ
C:\USERS\MATTHEW\DESKTOP\TEXTUREMAPPINGBROKEN\TEXTUREMAPPINGBROKEN\TEXTUREMAPPINGSTART\OPENGLCSE386\DEBUG\CONTROLLER.OBJ
C:\USERS\MATTHEW\DESKTOP\TEXTUREMAPPINGBROKEN\TEXTUREMAPPINGBROKEN\TEXTUREMAPPINGSTART\OPENGLCSE386\DEBUG\CSE386LABONE.OBJ
C:\USERS\MATTHEW\DESKTOP\TEXTUREMAPPINGBROKEN\TEXTUREMAPPINGBROKEN\TEXTUREMAPPINGSTART\OPENGLCSE386\DEBUG\CUBE.OBJ
C:\USERS\MATTHEW\DESKTOP\TEXTUREMAPPINGBROKEN\TEXTUREMAPPINGBROKEN\TEXTUREMAPPINGSTART\OPENGLCSE386\DEBUG\CYLINDER.OBJ
C:\USERS\MATTHEW\DESKTOP\TEXTUREMAPPINGBROKEN\TEXTUREMAPPINGBROKEN\TEXTUREMAPPINGSTART\OPENGLCSE386\DEBUG\FIGUREONE.OBJ
C:\USERS\MATTHEW\DESKTOP\TEXTUREMAPPINGBROKEN\TEXTUREMAPPINGBROKEN\TEXTUREMAPPINGSTART\OPENGLCSE386\DEBUG\FLOOR.OBJ
C:\USERS\MATTHEW\DESKTOP\TEXTUREMAPPINGBROKEN\TEXTUREMAPPINGBROKEN\TEXTUREMAPPINGSTART\OPENGLCSE386\DEBUG\FLOOR2.OBJ
C:\USERS\MATTHEW\DESKTOP\TEXTUREMAPPINGBROKEN\TEXTUREMAPPINGBROKEN\TEXTUREMAPPINGSTART\OPENGLCSE386\DEBUG\FOLLOWCAMERA.OBJ
C:\USERS\MATTHEW\DESKTOP\TEXTUREMAPPINGBROKEN\TEXTUREMAPPINGBROKEN\TEXTUREMAPPINGSTART\OPENGLCSE386\DEBUG\FOO.OBJ
C:\USERS\MATTHEW\DESKTOP\TEXTUREMAPPINGBROKEN\TEXTUREMAPPINGBROKEN\TEXTUREMAPPINGSTART\OPENGLCSE386\DEBUG\GENERALLIGHTINGTECHNIQUE.OBJ
C:\USERS\MATTHEW\DESKTOP\TEXTUREMAPPINGBROKEN\TEXTUREMAPPINGBROKEN\TEXTUREMAPPINGSTART\OPENGLCSE386\DEBUG\GLUTBASE.OBJ
C:\Users\Matthew\Desktop\TextureMappingBroken\TextureMappingBroken\TextureMappingStart\OpenGLCSE386\Debug\lib.command.1.tlog
C:\Users\Matthew\Desktop\TextureMappingBroken\TextureMappingBroken\TextureMappingStart\OpenGLCSE386\Debug\Lib-link.read.1.tlog
C:\Users\Matthew\Desktop\TextureMappingBroken\TextureMappingBroken\TextureMappingStart\OpenGLCSE386\Debug\Lib-link.write.1.tlog
C:\USERS\MATTHEW\DESKTOP\TEXTUREMAPPINGBROKEN\TEXTUREMAPPINGBROKEN\TEXTUREMAPPINGSTART\OPENGLCSE386\DEBUG\LIGHTING.OBJ
C:\USERS\MATTHEW\DESKTOP\TEXTUREMAPPINGBROKEN\TEXTUREMAPPINGBROKEN\TEXTUREMAPPINGSTART\OPENGLCSE386\DEBUG\LOADEDMODELVISUALOBJECT.OBJ
C:\USERS\MATTHEW\DESKTOP\TEXTUREMAPPINGBROKEN\TEXTUREMAPPINGBROKEN\TEXTUREMAPPINGSTART\OPENGLCSE386\DEBUG\LOADSHADERS.OBJ
C:\USERS\MATTHEW\DESKTOP\TEXTUREMAPPINGBROKEN\TEXTUREMAPPINGBROKEN\TEXTUREMAPPINGSTART\OPENGLCSE386\DEBUG\OPENGLAPPLICATIONBASE.OBJ
C:\Users\Matthew\Desktop\TextureMappingBroken\TextureMappingBroken\TextureMappingStart\OpenGLCSE386\Debug\OpenGLCSE386.write.1.tlog
C:\USERS\MATTHEW\DESKTOP\TEXTUREMAPPINGBROKEN\TEXTUREMAPPINGBROKEN\TEXTUREMAPPINGSTART\OPENGLCSE386\DEBUG\ORBITCONTROLLER.OBJ
C:\USERS\MATTHEW\DESKTOP\TEXTUREMAPPINGBROKEN\TEXTUREMAPPINGBROKEN\TEXTUREMAPPINGSTART\OPENGLCSE386\DEBUG\PYRAMID.OBJ
C:\USERS\MATTHEW\DESKTOP\TEXTUREMAPPINGBROKEN\TEXTUREMAPPINGBROKEN\TEXTUREMAPPINGSTART\OPENGLCSE386\DEBUG\SPACESHIP.OBJ
C:\USERS\MATTHEW\DESKTOP\TEXTUREMAPPINGBROKEN\TEXTUREMAPPINGBROKEN\TEXTUREMAPPINGSTART\OPENGLCSE386\DEBUG\SPHERE.OBJ
C:\USERS\MATTHEW\DESKTOP\TEXTUREMAPPINGBROKEN\TEXTUREMAPPINGBROKEN\TEXTUREMAPPINGSTART\OPENGLCSE386\DEBUG\SPINNER.OBJ
C:\USERS\MATTHEW\DESKTOP\TEXTUREMAPPINGBROKEN\TEXTUREMAPPINGBROKEN\TEXTUREMAPPINGSTART\OPENGLCSE386\DEBUG\TEXTURECOORDINATES.OBJ
C:\USERS\MATTHEW\DESKTOP\TEXTUREMAPPINGBROKEN\TEXTUREMAPPINGBROKEN\TEXTUREMAPPINGSTART\OPENGLCSE386\DEBUG\TORUS.OBJ
C:\USERS\MATTHEW\DESKTOP\TEXTUREMAPPINGBROKEN\TEXTUREMAPPINGBROKEN\TEXTUREMAPPINGSTART\OPENGLCSE386\DEBUG\TWOTRIANGLEFIGURE.OBJ
C:\Users\Matthew\Desktop\TextureMappingBroken\TextureMappingBroken\TextureMappingStart\OpenGLCSE386\Debug\vc100.idb
C:\USERS\MATTHEW\DESKTOP\TEXTUREMAPPINGBROKEN\TEXTUREMAPPINGBROKEN\TEXTUREMAPPINGSTART\OPENGLCSE386\DEBUG\VC100.PDB
C:\USERS\MATTHEW\DESKTOP\TEXTUREMAPPINGBROKEN\TEXTUREMAPPINGBROKEN\TEXTUREMAPPINGSTART\OPENGLCSE386\DEBUG\VISUALOBJECT.OBJ
C:\USERS\MATTHEW\DESKTOP\TEXTUREMAPPINGBROKEN\TEXTUREMAPPINGBROKEN\TEXTUREMAPPINGSTART\OPENGLCSE386\DEBUG\WALL.OBJ
C:\USERS\MATTHEW\DESKTOP\TEXTUREMAPPINGBROKEN\TEXTUREMAPPINGBROKEN\TEXTUREMAPPINGSTART\OPENGLCSE386\DEBUG\WAYPOINTCONTROLLER.OBJ
C:\USERS\MATTHEW\DESKTOP\TEXTUREMAPPINGBROKEN\TEXTUREMAPPINGBROKEN\TEXTUREMAPPINGSTART\OPENGLCSE386\DEBUG\WAYPOINTCONTROLLER2.OBJ
